[2021-09-20 11:13:06.888] [info] [console_user_server] version 13.7.0
[2021-09-20 11:13:07.313] [info] [console_user_server] grabber_client is started.
[2021-09-20 11:13:50.688] [info] [console_user_server] grabber_client is connected.
[2021-09-20 11:13:50.889] [info] [console_user_server] core_configuration is updated.
[2021-09-20 11:13:50.960] [info] [console_user_server] Check for updates...
[2021-09-20 11:14:17.226] [info] [console_user_server] Load /Users/lamaral/.config/karabiner/karabiner.json...
[2021-09-20 11:14:17.227] [info] [console_user_server] core_configuration is updated.
[2021-09-20 11:14:20.257] [info] [console_user_server] Load /Users/lamaral/.config/karabiner/karabiner.json...
[2021-09-20 11:14:20.258] [info] [console_user_server] core_configuration is updated.
[2021-09-20 11:14:47.867] [info] [console_user_server] Load /Users/lamaral/.config/karabiner/karabiner.json...
[2021-09-20 11:14:47.869] [info] [console_user_server] core_configuration is updated.
[2021-09-20 11:15:07.147] [info] [console_user_server] Load /Users/lamaral/.config/karabiner/karabiner.json...
[2021-09-20 11:15:07.149] [info] [console_user_server] core_configuration is updated.
[2021-09-20 11:15:13.997] [info] [console_user_server] Load /Users/lamaral/.config/karabiner/karabiner.json...
[2021-09-20 11:15:13.998] [info] [console_user_server] core_configuration is updated.
[2021-09-20 11:15:57.957] [info] [console_user_server] Load /Users/lamaral/.config/karabiner/karabiner.json...
[2021-09-20 11:15:57.959] [info] [console_user_server] core_configuration is updated.
[2021-09-20 20:17:27.162] [info] [console_user_server] version 13.7.0
[2021-09-20 20:17:40.260] [info] [console_user_server] grabber_client is started.
[2021-09-20 20:17:40.262] [info] [console_user_server] grabber_client is connected.
[2021-09-20 20:17:41.064] [info] [console_user_server] Load /Users/lamaral/.config/karabiner/karabiner.json...
[2021-09-20 20:17:41.066] [info] [console_user_server] core_configuration is updated.
[2021-09-20 20:17:43.807] [info] [console_user_server] Check for updates...
[2021-09-20 20:21:20.350] [info] [console_user_server] version 13.7.0
[2021-09-20 20:21:30.771] [info] [console_user_server] grabber_client is started.
[2021-09-20 20:21:30.773] [info] [console_user_server] grabber_client is connected.
[2021-09-20 20:21:31.203] [info] [console_user_server] Load /Users/lamaral/.config/karabiner/karabiner.json...
[2021-09-20 20:21:31.204] [info] [console_user_server] core_configuration is updated.
[2021-09-20 20:21:32.051] [info] [console_user_server] Check for updates...
[2021-11-01 14:56:04.164] [info] [console_user_server] version 13.7.0
[2021-11-01 14:56:52.964] [info] [console_user_server] grabber_client is started.
[2021-11-01 14:56:52.993] [info] [console_user_server] grabber_client is connected.
[2021-11-01 14:56:57.012] [info] [console_user_server] Load /Users/lamaral/.config/karabiner/karabiner.json...
[2021-11-01 14:56:57.014] [info] [console_user_server] core_configuration is updated.
[2021-11-01 14:56:57.968] [info] [console_user_server] Check for updates...
[2021-11-04 17:21:44.181] [info] [console_user_server] version 14.2.0
[2021-11-04 17:21:45.747] [info] [console_user_server] grabber_client is started.
[2021-11-04 17:21:46.764] [info] [console_user_server] grabber_client is connected.
[2021-11-04 17:21:47.095] [info] [console_user_server] Load /Users/lamaral/.config/karabiner/karabiner.json...
[2021-11-04 17:21:47.096] [info] [console_user_server] core_configuration is updated.
[2021-11-04 17:21:47.423] [info] [console_user_server] Check for updates...
[2021-11-15 19:59:55.605] [info] [console_user_server] version 14.2.0
[2021-11-15 20:01:18.337] [info] [console_user_server] grabber_client is started.
[2021-11-15 20:01:18.339] [info] [console_user_server] grabber_client is connected.
[2021-11-15 20:01:22.138] [info] [console_user_server] Load /Users/lamaral/.config/karabiner/karabiner.json...
[2021-11-15 20:01:22.141] [info] [console_user_server] core_configuration is updated.
[2021-11-15 20:01:22.847] [info] [console_user_server] Check for updates...
[2021-11-17 14:40:06.088] [info] [console_user_server] version 14.2.0
[2021-11-17 14:40:23.422] [info] [console_user_server] grabber_client is started.
[2021-11-17 14:40:23.440] [info] [console_user_server] grabber_client is connected.
[2021-11-17 14:40:26.229] [info] [console_user_server] Load /Users/lamaral/.config/karabiner/karabiner.json...
[2021-11-17 14:40:26.232] [info] [console_user_server] core_configuration is updated.
[2021-11-17 14:40:26.732] [info] [console_user_server] Check for updates...
[2021-11-22 11:09:11.952] [error] [console_user_server] grabber_client error: Connection reset by peer
[2021-11-22 11:09:11.997] [info] [console_user_server] grabber_client is closed.
[2021-11-22 11:09:14.324] [info] [console_user_server] version 14.3.0
[2021-11-22 11:09:15.634] [info] [console_user_server] grabber_client is started.
[2021-11-22 11:09:16.635] [info] [console_user_server] grabber_client is connected.
[2021-11-22 11:09:16.882] [info] [console_user_server] Load /Users/lamaral/.config/karabiner/karabiner.json...
[2021-11-22 11:09:16.883] [info] [console_user_server] core_configuration is updated.
[2021-11-22 11:09:16.997] [info] [console_user_server] Check for updates...
[2021-11-23 20:58:55.077] [info] [console_user_server] version 14.3.0
[2021-11-23 20:59:11.119] [info] [console_user_server] grabber_client is started.
[2021-11-23 20:59:11.121] [info] [console_user_server] grabber_client is connected.
[2021-11-23 20:59:17.677] [info] [console_user_server] Load /Users/lamaral/.config/karabiner/karabiner.json...
[2021-11-23 20:59:17.684] [info] [console_user_server] core_configuration is updated.
[2021-11-23 20:59:23.187] [info] [console_user_server] Check for updates...
[2021-11-26 14:50:54.021] [info] [console_user_server] version 14.3.0
[2021-11-26 14:51:07.339] [info] [console_user_server] grabber_client is started.
[2021-11-26 14:51:07.358] [info] [console_user_server] grabber_client is connected.
[2021-11-26 14:51:09.123] [info] [console_user_server] Load /Users/lamaral/.config/karabiner/karabiner.json...
[2021-11-26 14:51:09.124] [info] [console_user_server] core_configuration is updated.
[2021-11-26 14:51:09.917] [info] [console_user_server] Check for updates...
[2021-12-09 09:30:52.104] [info] [console_user_server] version 14.3.0
[2021-12-09 09:31:37.659] [info] [console_user_server] grabber_client is started.
[2021-12-09 09:31:37.661] [info] [console_user_server] grabber_client is connected.
[2021-12-09 09:31:45.311] [info] [console_user_server] Load /Users/lamaral/.config/karabiner/karabiner.json...
[2021-12-09 09:31:45.313] [info] [console_user_server] core_configuration is updated.
[2021-12-09 09:31:49.868] [info] [console_user_server] Check for updates...
[2021-12-13 10:02:44.573] [info] [console_user_server] version 14.3.0
[2021-12-13 10:03:07.864] [info] [console_user_server] grabber_client is started.
[2021-12-13 10:03:07.868] [info] [console_user_server] grabber_client is connected.
[2021-12-13 10:03:14.216] [info] [console_user_server] Load /Users/lamaral/.config/karabiner/karabiner.json...
[2021-12-13 10:03:14.217] [info] [console_user_server] core_configuration is updated.
[2021-12-13 10:03:14.865] [info] [console_user_server] Check for updates...
[2021-12-20 11:03:37.774] [info] [console_user_server] version 14.3.0
[2021-12-20 11:03:55.926] [info] [console_user_server] grabber_client is started.
[2021-12-20 11:03:55.929] [info] [console_user_server] grabber_client is connected.
[2021-12-20 11:03:57.732] [info] [console_user_server] Load /Users/lamaral/.config/karabiner/karabiner.json...
[2021-12-20 11:03:57.734] [info] [console_user_server] core_configuration is updated.
[2021-12-20 11:04:00.928] [info] [console_user_server] Check for updates...
[2022-01-10 11:21:00.513] [info] [console_user_server] version 14.3.0
[2022-01-10 11:21:21.565] [info] [console_user_server] grabber_client is started.
[2022-01-10 11:21:21.569] [info] [console_user_server] grabber_client is connected.
[2022-01-10 11:21:22.880] [info] [console_user_server] Load /Users/lamaral/.config/karabiner/karabiner.json...
[2022-01-10 11:21:22.881] [info] [console_user_server] core_configuration is updated.
[2022-01-10 11:21:23.224] [info] [console_user_server] Check for updates...
[2022-01-23 00:33:45.210] [info] [console_user_server] version 14.3.0
[2022-01-23 00:34:26.707] [info] [console_user_server] grabber_client is started.
[2022-01-23 00:34:26.711] [info] [console_user_server] grabber_client is connected.
[2022-01-23 00:34:31.868] [info] [console_user_server] Load /Users/lamaral/.config/karabiner/karabiner.json...
[2022-01-23 00:34:31.870] [info] [console_user_server] core_configuration is updated.
[2022-01-23 00:34:37.866] [info] [console_user_server] Check for updates...
[2022-01-24 14:19:50.938] [info] [console_user_server] version 14.3.0
[2022-01-24 14:20:21.029] [info] [console_user_server] grabber_client is started.
[2022-01-24 14:20:21.038] [info] [console_user_server] grabber_client is connected.
[2022-01-24 14:20:21.797] [info] [console_user_server] Load /Users/lamaral/.config/karabiner/karabiner.json...
[2022-01-24 14:20:21.816] [info] [console_user_server] core_configuration is updated.
[2022-01-24 14:20:22.320] [info] [console_user_server] Check for updates...
[2022-01-27 11:25:13.951] [info] [console_user_server] version 14.3.0
[2022-01-27 11:25:47.719] [info] [console_user_server] grabber_client is started.
[2022-01-27 11:25:47.724] [info] [console_user_server] grabber_client is connected.
[2022-01-27 11:25:49.269] [info] [console_user_server] Load /Users/lamaral/.config/karabiner/karabiner.json...
[2022-01-27 11:25:49.271] [info] [console_user_server] core_configuration is updated.
[2022-01-27 11:25:50.514] [info] [console_user_server] Check for updates...
[2022-01-29 14:58:10.325] [info] [console_user_server] version 14.3.0
[2022-01-29 14:58:19.416] [info] [console_user_server] grabber_client is started.
[2022-01-29 14:58:19.435] [info] [console_user_server] grabber_client is connected.
[2022-01-29 14:58:21.316] [info] [console_user_server] Load /Users/lamaral/.config/karabiner/karabiner.json...
[2022-01-29 14:58:21.318] [info] [console_user_server] core_configuration is updated.
[2022-01-29 14:58:21.707] [info] [console_user_server] Check for updates...
[2022-02-01 12:25:20.398] [info] [console_user_server] version 14.3.0
[2022-02-01 12:25:56.100] [info] [console_user_server] grabber_client is started.
[2022-02-01 12:25:56.102] [info] [console_user_server] grabber_client is connected.
[2022-02-01 12:25:56.731] [info] [console_user_server] Load /Users/lamaral/.config/karabiner/karabiner.json...
[2022-02-01 12:25:56.734] [info] [console_user_server] core_configuration is updated.
[2022-02-01 12:25:57.200] [info] [console_user_server] Check for updates...
[2022-02-01 16:01:22.066] [info] [console_user_server] version 14.3.0
[2022-02-01 16:01:44.659] [info] [console_user_server] grabber_client is started.
[2022-02-01 16:01:44.665] [info] [console_user_server] grabber_client is connected.
[2022-02-01 16:01:51.550] [info] [console_user_server] Load /Users/lamaral/.config/karabiner/karabiner.json...
[2022-02-01 16:01:51.553] [info] [console_user_server] core_configuration is updated.
[2022-02-01 16:01:52.790] [info] [console_user_server] Check for updates...
[2022-02-03 16:52:35.995] [info] [console_user_server] version 14.3.0
[2022-02-03 16:53:06.794] [info] [console_user_server] grabber_client is started.
[2022-02-03 16:53:06.795] [info] [console_user_server] grabber_client is connected.
[2022-02-03 16:53:08.203] [info] [console_user_server] Load /Users/lamaral/.config/karabiner/karabiner.json...
[2022-02-03 16:53:08.205] [info] [console_user_server] core_configuration is updated.
[2022-02-03 16:53:08.548] [info] [console_user_server] Check for updates...
