 
*** VICE Version 3.6.0 ***
 
Welcome to x64sc, the free portable C64 Emulator.
 
Current VICE team members:
Martin Pottendorfer, Marco van den Heuvel, Fabrizio Gennari, Groepaz, 
Errol Smith, Ingo Korb, Olaf Seibert, Marcus Sutton, Kajtar Zsolt, AreaScout, 
Bas Wassink, Michael C. Martin, Christopher Phillips, David Hogan, 
Empathic Qubit, Roberto Muscedere, June Tate-Gans, Pablo Roldan.
 
This is free software with ABSOLUTELY NO WARRANTY.
See the "About VICE" command for more info.
 
random seed was: 0x61ca34e5
command line was: /Applications/vice-x86-64-gtk3-3.6.0/VICE.app/Contents/Resources/bin/x64sc
Loading system file `/Applications/vice-x86-64-gtk3-3.6.0/VICE.app/Contents/Resources/bin/../share/vice/C64/kernal'.
Loading system file `/Applications/vice-x86-64-gtk3-3.6.0/VICE.app/Contents/Resources/bin/../share/vice/C64/basic'.
Loading system file `/Applications/vice-x86-64-gtk3-3.6.0/VICE.app/Contents/Resources/bin/../share/vice/C64/chargen'.
Loading system file `/Applications/vice-x86-64-gtk3-3.6.0/VICE.app/Contents/Resources/bin/../share/vice/PRINTER/mps803'.
Palette: Loading palette `/Applications/vice-x86-64-gtk3-3.6.0/VICE.app/Contents/Resources/bin/../share/vice/PRINTER/mps803.vpl'.
Loading system file `/Applications/vice-x86-64-gtk3-3.6.0/VICE.app/Contents/Resources/bin/../share/vice/PRINTER/nl10-cbm'.
Palette: Loading palette `/Applications/vice-x86-64-gtk3-3.6.0/VICE.app/Contents/Resources/bin/../share/vice/PRINTER/nl10.vpl'.
NL10: Printer driver initialized.
Palette: Loading palette `/Applications/vice-x86-64-gtk3-3.6.0/VICE.app/Contents/Resources/bin/../share/vice/PRINTER/1520.vpl'.
Loading system file `/Applications/vice-x86-64-gtk3-3.6.0/VICE.app/Contents/Resources/bin/../share/vice/DRIVES/dos1540'.
Loading system file `/Applications/vice-x86-64-gtk3-3.6.0/VICE.app/Contents/Resources/bin/../share/vice/DRIVES/dos1541'.
Loading system file `/Applications/vice-x86-64-gtk3-3.6.0/VICE.app/Contents/Resources/bin/../share/vice/DRIVES/d1541II'.
Loading system file `/Applications/vice-x86-64-gtk3-3.6.0/VICE.app/Contents/Resources/bin/../share/vice/DRIVES/dos1570'.
Loading system file `/Applications/vice-x86-64-gtk3-3.6.0/VICE.app/Contents/Resources/bin/../share/vice/DRIVES/dos1571'.
Loading system file `/Applications/vice-x86-64-gtk3-3.6.0/VICE.app/Contents/Resources/bin/../share/vice/DRIVES/dos1581'.
DriveROM: Error - 2000 ROM image not found. Hardware-level 2000 emulation is not available.
DriveROM: Error - 4000 ROM image not found. Hardware-level 4000 emulation is not available.
DriveROM: Error - CMDHD ROM image not found. Hardware-level CMDHD emulation is not available.
Loading system file `/Applications/vice-x86-64-gtk3-3.6.0/VICE.app/Contents/Resources/bin/../share/vice/DRIVES/dos2031'.
Loading system file `/Applications/vice-x86-64-gtk3-3.6.0/VICE.app/Contents/Resources/bin/../share/vice/DRIVES/dos2040'.
Loading system file `/Applications/vice-x86-64-gtk3-3.6.0/VICE.app/Contents/Resources/bin/../share/vice/DRIVES/dos3040'.
Loading system file `/Applications/vice-x86-64-gtk3-3.6.0/VICE.app/Contents/Resources/bin/../share/vice/DRIVES/dos4040'.
Loading system file `/Applications/vice-x86-64-gtk3-3.6.0/VICE.app/Contents/Resources/bin/../share/vice/DRIVES/dos1001'.
Loading system file `/Applications/vice-x86-64-gtk3-3.6.0/VICE.app/Contents/Resources/bin/../share/vice/DRIVES/dos9000'.
Drive: Finished loading ROM images.
VIC-II: Initializing chip model "MOS8565" (63 cycles per line, 312 raster lines).
using GTK3 backend: OpenGL
Loading vertex shader: /Applications/vice-x86-64-gtk3-3.6.0/VICE.app/Contents/Resources/bin/../share/vice/GLSL/viewport.vert
Loading fragment shader: /Applications/vice-x86-64-gtk3-3.6.0/VICE.app/Contents/Resources/bin/../share/vice/GLSL/builtin.frag
Loading vertex shader: /Applications/vice-x86-64-gtk3-3.6.0/VICE.app/Contents/Resources/bin/../share/vice/GLSL/viewport.vert
Loading fragment shader: /Applications/vice-x86-64-gtk3-3.6.0/VICE.app/Contents/Resources/bin/../share/vice/GLSL/builtin-interlaced.frag
Loading vertex shader: /Applications/vice-x86-64-gtk3-3.6.0/VICE.app/Contents/Resources/bin/../share/vice/GLSL/viewport.vert
Loading fragment shader: /Applications/vice-x86-64-gtk3-3.6.0/VICE.app/Contents/Resources/bin/../share/vice/GLSL/bicubic.frag
Loading vertex shader: /Applications/vice-x86-64-gtk3-3.6.0/VICE.app/Contents/Resources/bin/../share/vice/GLSL/viewport.vert
Loading fragment shader: /Applications/vice-x86-64-gtk3-3.6.0/VICE.app/Contents/Resources/bin/../share/vice/GLSL/bicubic-interlaced.frag
Created render thread 0
Render thread initialised
Sound: Available sound devices: coreaudio dummy fs dump wav voc iff aiff mp3 flac ogg soundmovie
Keyboard: Loading keymap `/Applications/vice-x86-64-gtk3-3.6.0/VICE.app/Contents/Resources/bin/../share/vice/C64/gtk3_sym.vkm'.
Main CPU: starting at ($FFFC).
Main CPU: RESET.
sound (coreaudio_init): Found output audio device: LG HDR WFHD
sound (coreaudio_init): Found output audio device: Sound Blaster Play! 3 (Default)
sound (coreaudio_init): Found audio device with no outputs: Sound Blaster Play! 3
sound (coreaudio_init): Found audio device with no outputs: Realtek USB2.0 Audio
sound (coreaudio_init): Found output audio device: Realtek USB2.0 Audio
sound (coreaudio_init): Found audio device with no outputs: PC-LM1E
sound (coreaudio_init): Found audio device with no outputs: MacBook Pro Microphone
sound (coreaudio_init): Found output audio device: MacBook Pro Speakers
sound (coreaudio_init): Found output audio device: ZoomAudioDevice
sound (coreaudio_init): Using output audio device: Sound Blaster Play! 3
sound (coreaudio_init): audio frame buffer size in samples min: 15.000000 max: 4096.000000 fragment size: 32, chosen: 32
sound (coreaudio_start): Started
Sound: Opened device `coreaudio', speed 48000Hz, fragment size 0.67ms, buffer size 20.00ms
Copybuffer increase to 64 bytes
reSID: MOS8580, filter on, sampling rate 48000Hz - resampling, pass to 21600Hz
Sync reset
Unit 8: RESET.
AUTOSTART: Autodetecting image type of `/Users/lamaral/Downloads/SANTAPA1_06561_01/SANTAPA1.D64'.
AUTOSTART: Attached file `/Users/lamaral/Downloads/SANTAPA1_06561_01/SANTAPA1.D64' as a disk image.
AUTOSTART: mounted image is type: 1541, not changing drive.
AUTOSTART: Resetting drive 8
AUTOSTART: Resetting the machine to autostart 'SANTA PARAVIA'
VIC-II: VSP Bug: safe channels are: 012346. Emulation of memory corruption is disabled.
AUTOSTART: Turning Warp mode on.
AUTOSTART: `/Users/lamaral/Downloads/SANTAPA1_06561_01/SANTAPA1.D64' recognized as disk image.
Sync reset
Main CPU: RESET.
Sync reset
Unit 8: RESET.
AUTOSTART: Loading program 'SANTA PARAVIA'
AUTOSTART: Entered ROM at $e5d1
AUTOSTART: Searching for ...
AUTOSTART: Loading
AUTOSTART: Entered ROM at $ea21
AUTOSTART: Ready
AUTOSTART: Turning Warp mode off.
sound (coreaudio_start): Started
AUTOSTART: Program loaded.
AUTOSTART: Restoring FileSystemDevice8 to 1.
AUTOSTART: Restoring FSDevice8ConvertP00 to 1.
AUTOSTART: Restoring FSDeviceLongNames to 0.
AUTOSTART: Done.
Sync reset
Filesystem Image Probe: Error - Import GCR: Unknown GCR image version 61.
Filesystem Image: Unknown disk image `/Users/lamaral/Downloads/SANTAPA1_06561_01/VERSION.NFO'.
VDrive Internal: Error - Cannot open file `/Users/lamaral/Downloads/SANTAPA1_06561_01/VERSION.NFO'
Error - Cannot open file `/Users/lamaral/Downloads/SANTAPA1_06561_01/VERSION.NFO'
***    Main CPU: JAM at $86B3   
sound (coreaudio_start): Started
Sync reset
Main CPU: RESET.
AUTOSTART: Turned off.
Sync reset
Unit 8: Skipping cycles.
AUTOSTART: Autodetecting image type of `/Users/lamaral/Downloads/SANTAPA1_06561_01/SANTAPA1.D64'.
AUTOSTART: Attached file `/Users/lamaral/Downloads/SANTAPA1_06561_01/SANTAPA1.D64' as a disk image.
AUTOSTART: mounted image is type: 1541, not changing drive.
AUTOSTART: Resetting drive 8
AUTOSTART: Resetting the machine to autostart 'SPBOOT'
VIC-II: VSP Bug: safe channels are: 016. Emulation of memory corruption is disabled.
AUTOSTART: Turning Warp mode on.
AUTOSTART: `/Users/lamaral/Downloads/SANTAPA1_06561_01/SANTAPA1.D64' recognized as disk image.
Sync reset
Main CPU: RESET.
Sync reset
Unit 8: RESET.
AUTOSTART: Loading program 'SPBOOT'
AUTOSTART: Searching for ...
AUTOSTART: Loading
AUTOSTART: Entered ROM at $ea21
AUTOSTART: Left ROM for $0203
AUTOSTART: aborting.
AUTOSTART: Turning Warp mode off.
sound (coreaudio_start): Started
AUTOSTART: Restoring FileSystemDevice8 to 1.
AUTOSTART: Restoring FSDevice8ConvertP00 to 1.
AUTOSTART: Restoring FSDeviceLongNames to 0.
AUTOSTART: Done.
Sync reset
AUTOSTART: Autodetecting image type of `/Users/lamaral/Downloads/SANTAPA1_06561_01/SANTAPA1.D64'.
AUTOSTART: Attached file `/Users/lamaral/Downloads/SANTAPA1_06561_01/SANTAPA1.D64' as a disk image.
AUTOSTART: mounted image is type: 1541, not changing drive.
AUTOSTART: Resetting drive 8
AUTOSTART: Resetting the machine to autostart 'SANTA PARAVIA'
VIC-II: VSP Bug: safe channels are: 1456. Emulation of memory corruption is disabled.
AUTOSTART: Turning Warp mode on.
AUTOSTART: `/Users/lamaral/Downloads/SANTAPA1_06561_01/SANTAPA1.D64' recognized as disk image.
Sync reset
Main CPU: RESET.
Sync reset
Unit 8: RESET.
AUTOSTART: Loading program 'SANTA PARAVIA'
AUTOSTART: Searching for ...
AUTOSTART: Loading
AUTOSTART: Entered ROM at $ea21
AUTOSTART: Ready
AUTOSTART: Turning Warp mode off.
sound (coreaudio_start): Started
AUTOSTART: Starting program.
AUTOSTART: Restoring FileSystemDevice8 to 1.
AUTOSTART: Restoring FSDevice8ConvertP00 to 1.
AUTOSTART: Restoring FSDeviceLongNames to 0.
AUTOSTART: Done.
Sync reset
Sync reset
Unit 8: RESET.
Initiating render thread 0 shutdown
Joining render thread 0 ...
Joined render thread 0.

Resources with non default values:
Window0Height=905
Window0Width=1085
Window0Xpos=2546
Window0Ypos=103

reconstructed commandline options (might be incomplete):
-default

VICE thread initiating shutdown
VICE thread is exiting
VICE thread has been joined.
VIC-II: VSP Bug: safe channels are: 0147. Emulation of memory corruption is disabled.
Sound: Closing device `coreaudio'
AudioComponentInstanceDispose
